2018-05-02 18:01:56 [scrapy.utils.log] INFO: Scrapy 1.5.0 started (bot: ItcastTeaSpider)
2018-05-02 18:01:56 [scrapy.utils.log] INFO: Versions: lxml 4.2.1.0, libxml2 2.9.5, cssselect 1.0.3, parsel 1.4.0, w3lib 1.19.0, Twisted 17.9.0, Python 3.5.3 (v3.5.3:1880cb95a742, Jan 16 2017, 16:02:32) [MSC v.1900 64 bit (AMD64)], pyOpenSSL 17.5.0 (OpenSSL 1.1.0h  27 Mar 2018), cryptography 2.2.2, Platform Windows-7-6.1.7601-SP1
2018-05-02 18:01:56 [scrapy.crawler] INFO: Overridden settings: {'BOT_NAME': 'ItcastTeaSpider', 'LOG_FILE': 'tencent.log', 'NEWSPIDER_MODULE': 'ItcastTeaSpider.spiders', 'SPIDER_MODULES': ['ItcastTeaSpider.spiders'], 'LOG_LEVEL': 'INFO'}
2018-05-02 18:01:56 [scrapy.middleware] INFO: Enabled extensions:
['scrapy.extensions.logstats.LogStats',
 'scrapy.extensions.telnet.TelnetConsole',
 'scrapy.extensions.corestats.CoreStats']
2018-05-02 18:01:57 [scrapy.middleware] INFO: Enabled downloader middlewares:
['scrapy.downloadermiddlewares.httpauth.HttpAuthMiddleware',
 'ItcastTeaSpider.middlewares.UserAgentMiddleware',
 'scrapy.downloadermiddlewares.downloadtimeout.DownloadTimeoutMiddleware',
 'scrapy.downloadermiddlewares.defaultheaders.DefaultHeadersMiddleware',
 'scrapy.downloadermiddlewares.useragent.UserAgentMiddleware',
 'scrapy.downloadermiddlewares.retry.RetryMiddleware',
 'scrapy.downloadermiddlewares.redirect.MetaRefreshMiddleware',
 'scrapy.downloadermiddlewares.httpcompression.HttpCompressionMiddleware',
 'scrapy.downloadermiddlewares.redirect.RedirectMiddleware',
 'scrapy.downloadermiddlewares.cookies.CookiesMiddleware',
 'scrapy.downloadermiddlewares.httpproxy.HttpProxyMiddleware',
 'scrapy.downloadermiddlewares.stats.DownloaderStats']
2018-05-02 18:01:57 [scrapy.middleware] INFO: Enabled spider middlewares:
['scrapy.spidermiddlewares.httperror.HttpErrorMiddleware',
 'scrapy.spidermiddlewares.offsite.OffsiteMiddleware',
 'scrapy.spidermiddlewares.referer.RefererMiddleware',
 'scrapy.spidermiddlewares.urllength.UrlLengthMiddleware',
 'scrapy.spidermiddlewares.depth.DepthMiddleware']
2018-05-02 18:01:57 [scrapy.middleware] INFO: Enabled item pipelines:
['ItcastTeaSpider.pipelines.TencentJsonPipeline']
2018-05-02 18:01:57 [scrapy.core.engine] INFO: Spider opened
2018-05-02 18:01:57 [scrapy.extensions.logstats] INFO: Crawled 0 pages (at 0 pages/min), scraped 0 items (at 0 items/min)
2018-05-02 18:01:57 [root] WARNING: 响应的url地址:https://hr.tencent.com/position.php?&start=10
2018-05-02 18:01:57 [root] INFO: 响应的url地址:https://hr.tencent.com/position.php?&start=10
2018-05-02 18:01:57 [root] WARNING: 响应的url地址:https://hr.tencent.com/position.php?&start=50
2018-05-02 18:01:57 [root] INFO: 响应的url地址:https://hr.tencent.com/position.php?&start=50
2018-05-02 18:01:57 [root] WARNING: 响应的url地址:https://hr.tencent.com/position.php?&start=60
2018-05-02 18:01:57 [root] INFO: 响应的url地址:https://hr.tencent.com/position.php?&start=60
2018-05-02 18:01:58 [root] WARNING: 响应的url地址:https://hr.tencent.com/position.php?&start=30
2018-05-02 18:01:58 [root] INFO: 响应的url地址:https://hr.tencent.com/position.php?&start=30
2018-05-02 18:01:58 [root] WARNING: 响应的url地址:https://hr.tencent.com/position.php?&start=3950
2018-05-02 18:01:58 [root] INFO: 响应的url地址:https://hr.tencent.com/position.php?&start=3950
2018-05-02 18:01:58 [root] WARNING: 响应的url地址:https://hr.tencent.com/position.php?&start=40
2018-05-02 18:01:58 [root] INFO: 响应的url地址:https://hr.tencent.com/position.php?&start=40
2018-05-02 18:01:58 [root] WARNING: 响应的url地址:https://hr.tencent.com/position.php?&start=20
2018-05-02 18:01:58 [root] INFO: 响应的url地址:https://hr.tencent.com/position.php?&start=20
2018-05-02 18:01:58 [root] WARNING: 响应的url地址:https://hr.tencent.com/position.php?&start=70
2018-05-02 18:01:58 [root] INFO: 响应的url地址:https://hr.tencent.com/position.php?&start=70
2018-05-02 18:01:58 [root] WARNING: 响应的url地址:https://hr.tencent.com/position.php?&start=0
2018-05-02 18:01:58 [root] INFO: 响应的url地址:https://hr.tencent.com/position.php?&start=0
2018-05-02 18:01:59 [root] WARNING: 响应的url地址:https://hr.tencent.com/position.php?&start=100
2018-05-02 18:01:59 [root] INFO: 响应的url地址:https://hr.tencent.com/position.php?&start=100
2018-05-02 18:02:00 [root] WARNING: 响应的url地址:https://hr.tencent.com/position.php?&start=130
2018-05-02 18:02:00 [root] INFO: 响应的url地址:https://hr.tencent.com/position.php?&start=130
2018-05-02 18:02:00 [root] WARNING: 响应的url地址:https://hr.tencent.com/position.php?&start=120
2018-05-02 18:02:00 [root] INFO: 响应的url地址:https://hr.tencent.com/position.php?&start=120
2018-05-02 18:02:00 [root] WARNING: 响应的url地址:https://hr.tencent.com/position.php?&start=110
2018-05-02 18:02:00 [root] INFO: 响应的url地址:https://hr.tencent.com/position.php?&start=110
2018-05-02 18:02:00 [root] WARNING: 响应的url地址:https://hr.tencent.com/position.php?&start=3920
2018-05-02 18:02:00 [root] INFO: 响应的url地址:https://hr.tencent.com/position.php?&start=3920
2018-05-02 18:02:00 [root] WARNING: 响应的url地址:https://hr.tencent.com/position.php?&start=3930
2018-05-02 18:02:00 [root] INFO: 响应的url地址:https://hr.tencent.com/position.php?&start=3930
2018-05-02 18:02:01 [root] WARNING: 响应的url地址:https://hr.tencent.com/position.php?&start=3910
2018-05-02 18:02:01 [root] INFO: 响应的url地址:https://hr.tencent.com/position.php?&start=3910
2018-05-02 18:02:01 [root] WARNING: 响应的url地址:https://hr.tencent.com/position.php?&start=3900
2018-05-02 18:02:01 [root] INFO: 响应的url地址:https://hr.tencent.com/position.php?&start=3900
2018-05-02 18:02:01 [root] WARNING: 响应的url地址:https://hr.tencent.com/position.php?&start=3890
2018-05-02 18:02:01 [root] INFO: 响应的url地址:https://hr.tencent.com/position.php?&start=3890
2018-05-02 18:02:01 [root] WARNING: 响应的url地址:https://hr.tencent.com/position.php?&start=3880
2018-05-02 18:02:01 [root] INFO: 响应的url地址:https://hr.tencent.com/position.php?&start=3880
2018-05-02 18:02:01 [root] WARNING: 响应的url地址:https://hr.tencent.com/position.php?&start=3870
2018-05-02 18:02:01 [root] INFO: 响应的url地址:https://hr.tencent.com/position.php?&start=3870
2018-05-02 18:02:02 [root] WARNING: 响应的url地址:https://hr.tencent.com/position.php?&start=3830
2018-05-02 18:02:02 [root] INFO: 响应的url地址:https://hr.tencent.com/position.php?&start=3830
2018-05-02 18:02:02 [root] WARNING: 响应的url地址:https://hr.tencent.com/position.php?&start=3840
2018-05-02 18:02:02 [root] INFO: 响应的url地址:https://hr.tencent.com/position.php?&start=3840
2018-05-02 18:02:03 [root] WARNING: 响应的url地址:https://hr.tencent.com/position.php?&start=3850
2018-05-02 18:02:03 [root] INFO: 响应的url地址:https://hr.tencent.com/position.php?&start=3850
2018-05-02 18:02:04 [root] WARNING: 响应的url地址:https://hr.tencent.com/position.php?&start=3810
2018-05-02 18:02:04 [root] INFO: 响应的url地址:https://hr.tencent.com/position.php?&start=3810
2018-05-02 18:02:04 [root] WARNING: 响应的url地址:https://hr.tencent.com/position.php?&start=3800
2018-05-02 18:02:04 [root] INFO: 响应的url地址:https://hr.tencent.com/position.php?&start=3800
2018-05-02 18:02:04 [root] WARNING: 响应的url地址:https://hr.tencent.com/position.php?&start=3790
2018-05-02 18:02:04 [root] INFO: 响应的url地址:https://hr.tencent.com/position.php?&start=3790
2018-05-02 18:02:04 [root] WARNING: 响应的url地址:https://hr.tencent.com/position.php?&start=3820
2018-05-02 18:02:04 [root] INFO: 响应的url地址:https://hr.tencent.com/position.php?&start=3820
2018-05-02 18:02:04 [root] WARNING: 响应的url地址:https://hr.tencent.com/position.php?&start=3860
2018-05-02 18:02:04 [root] INFO: 响应的url地址:https://hr.tencent.com/position.php?&start=3860
2018-05-02 18:02:05 [root] WARNING: 响应的url地址:https://hr.tencent.com/position.php?&start=3750
2018-05-02 18:02:05 [root] INFO: 响应的url地址:https://hr.tencent.com/position.php?&start=3750
2018-05-02 18:02:05 [root] WARNING: 响应的url地址:https://hr.tencent.com/position.php?&start=3740
2018-05-02 18:02:05 [root] INFO: 响应的url地址:https://hr.tencent.com/position.php?&start=3740
2018-05-02 18:02:06 [root] WARNING: 响应的url地址:https://hr.tencent.com/position.php?&start=3730
2018-05-02 18:02:06 [root] INFO: 响应的url地址:https://hr.tencent.com/position.php?&start=3730
2018-05-02 18:02:06 [root] WARNING: 响应的url地址:https://hr.tencent.com/position.php?&start=3720
2018-05-02 18:02:06 [root] INFO: 响应的url地址:https://hr.tencent.com/position.php?&start=3720
2018-05-02 18:02:06 [root] WARNING: 响应的url地址:https://hr.tencent.com/position.php?&start=3710
2018-05-02 18:02:06 [root] INFO: 响应的url地址:https://hr.tencent.com/position.php?&start=3710
2018-05-02 18:02:06 [root] WARNING: 响应的url地址:https://hr.tencent.com/position.php?&start=3700
2018-05-02 18:02:06 [root] INFO: 响应的url地址:https://hr.tencent.com/position.php?&start=3700
2018-05-02 18:02:07 [root] WARNING: 响应的url地址:https://hr.tencent.com/position.php?&start=3660
2018-05-02 18:02:07 [root] INFO: 响应的url地址:https://hr.tencent.com/position.php?&start=3660
2018-05-02 18:02:07 [root] WARNING: 响应的url地址:https://hr.tencent.com/position.php?&start=3670
2018-05-02 18:02:07 [root] INFO: 响应的url地址:https://hr.tencent.com/position.php?&start=3670
2018-05-02 18:02:07 [root] WARNING: 响应的url地址:https://hr.tencent.com/position.php?&start=3680
2018-05-02 18:02:07 [root] INFO: 响应的url地址:https://hr.tencent.com/position.php?&start=3680
2018-05-02 18:02:08 [root] WARNING: 响应的url地址:https://hr.tencent.com/position.php?&start=3690
2018-05-02 18:02:08 [root] INFO: 响应的url地址:https://hr.tencent.com/position.php?&start=3690
2018-05-02 18:02:09 [root] WARNING: 响应的url地址:https://hr.tencent.com/position.php?&start=3630
2018-05-02 18:02:09 [root] INFO: 响应的url地址:https://hr.tencent.com/position.php?&start=3630
2018-05-02 18:02:09 [root] WARNING: 响应的url地址:https://hr.tencent.com/position.php?&start=3640
2018-05-02 18:02:09 [root] INFO: 响应的url地址:https://hr.tencent.com/position.php?&start=3640
2018-05-02 18:02:09 [root] WARNING: 响应的url地址:https://hr.tencent.com/position.php?&start=3620
2018-05-02 18:02:09 [root] INFO: 响应的url地址:https://hr.tencent.com/position.php?&start=3620
2018-05-02 18:02:09 [root] WARNING: 响应的url地址:https://hr.tencent.com/position.php?&start=3650
2018-05-02 18:02:09 [root] INFO: 响应的url地址:https://hr.tencent.com/position.php?&start=3650
2018-05-02 18:02:09 [root] WARNING: 响应的url地址:https://hr.tencent.com/position.php?&start=3760
2018-05-02 18:02:09 [root] INFO: 响应的url地址:https://hr.tencent.com/position.php?&start=3760
2018-05-02 18:02:10 [root] WARNING: 响应的url地址:https://hr.tencent.com/position.php?&start=3580
2018-05-02 18:02:10 [root] INFO: 响应的url地址:https://hr.tencent.com/position.php?&start=3580
2018-05-02 18:02:11 [root] WARNING: 响应的url地址:https://hr.tencent.com/position.php?&start=3550
2018-05-02 18:02:11 [root] INFO: 响应的url地址:https://hr.tencent.com/position.php?&start=3550
2018-05-02 18:02:11 [root] WARNING: 响应的url地址:https://hr.tencent.com/position.php?&start=3540
2018-05-02 18:02:11 [root] INFO: 响应的url地址:https://hr.tencent.com/position.php?&start=3540
2018-05-02 18:02:11 [root] WARNING: 响应的url地址:https://hr.tencent.com/position.php?&start=3560
2018-05-02 18:02:11 [root] INFO: 响应的url地址:https://hr.tencent.com/position.php?&start=3560
2018-05-02 18:02:11 [root] WARNING: 响应的url地址:https://hr.tencent.com/position.php?&start=3570
2018-05-02 18:02:11 [root] INFO: 响应的url地址:https://hr.tencent.com/position.php?&start=3570
2018-05-02 18:02:12 [root] WARNING: 响应的url地址:https://hr.tencent.com/position.php?&start=3500
2018-05-02 18:02:12 [root] INFO: 响应的url地址:https://hr.tencent.com/position.php?&start=3500
2018-05-02 18:02:12 [root] WARNING: 响应的url地址:https://hr.tencent.com/position.php?&start=3480
2018-05-02 18:02:12 [root] INFO: 响应的url地址:https://hr.tencent.com/position.php?&start=3480
2018-05-02 18:02:13 [root] WARNING: 响应的url地址:https://hr.tencent.com/position.php?&start=3490
2018-05-02 18:02:13 [root] INFO: 响应的url地址:https://hr.tencent.com/position.php?&start=3490
2018-05-02 18:02:13 [root] WARNING: 响应的url地址:https://hr.tencent.com/position.php?&start=3470
2018-05-02 18:02:13 [root] INFO: 响应的url地址:https://hr.tencent.com/position.php?&start=3470
2018-05-02 18:02:13 [root] WARNING: 响应的url地址:https://hr.tencent.com/position.php?&start=3460
2018-05-02 18:02:13 [root] INFO: 响应的url地址:https://hr.tencent.com/position.php?&start=3460
2018-05-02 18:02:13 [root] WARNING: 响应的url地址:https://hr.tencent.com/position.php?&start=3530
2018-05-02 18:02:13 [root] INFO: 响应的url地址:https://hr.tencent.com/position.php?&start=3530
2018-05-02 18:02:13 [root] WARNING: 响应的url地址:https://hr.tencent.com/position.php?&start=3520
2018-05-02 18:02:13 [root] INFO: 响应的url地址:https://hr.tencent.com/position.php?&start=3520
2018-05-02 18:02:13 [root] WARNING: 响应的url地址:https://hr.tencent.com/position.php?&start=3430
2018-05-02 18:02:13 [root] INFO: 响应的url地址:https://hr.tencent.com/position.php?&start=3430
2018-05-02 18:02:13 [root] WARNING: 响应的url地址:https://hr.tencent.com/position.php?&start=3420
2018-05-02 18:02:13 [root] INFO: 响应的url地址:https://hr.tencent.com/position.php?&start=3420
2018-05-02 18:02:14 [root] WARNING: 响应的url地址:https://hr.tencent.com/position.php?&start=3410
2018-05-02 18:02:14 [root] INFO: 响应的url地址:https://hr.tencent.com/position.php?&start=3410
2018-05-02 18:02:14 [root] WARNING: 响应的url地址:https://hr.tencent.com/position.php?&start=3390
2018-05-02 18:02:14 [root] INFO: 响应的url地址:https://hr.tencent.com/position.php?&start=3390
2018-05-02 18:02:14 [root] WARNING: 响应的url地址:https://hr.tencent.com/position.php?&start=3400
2018-05-02 18:02:14 [root] INFO: 响应的url地址:https://hr.tencent.com/position.php?&start=3400
2018-05-02 18:02:14 [root] WARNING: 响应的url地址:https://hr.tencent.com/position.php?&start=3380
2018-05-02 18:02:14 [root] INFO: 响应的url地址:https://hr.tencent.com/position.php?&start=3380
2018-05-02 18:02:15 [root] WARNING: 响应的url地址:https://hr.tencent.com/position.php?&start=3340
2018-05-02 18:02:15 [root] INFO: 响应的url地址:https://hr.tencent.com/position.php?&start=3340
2018-05-02 18:02:16 [root] WARNING: 响应的url地址:https://hr.tencent.com/position.php?&start=3360
2018-05-02 18:02:16 [root] INFO: 响应的url地址:https://hr.tencent.com/position.php?&start=3360
2018-05-02 18:02:16 [root] WARNING: 响应的url地址:https://hr.tencent.com/position.php?&start=3350
2018-05-02 18:02:16 [root] INFO: 响应的url地址:https://hr.tencent.com/position.php?&start=3350
2018-05-02 18:02:16 [root] WARNING: 响应的url地址:https://hr.tencent.com/position.php?&start=3320
2018-05-02 18:02:16 [root] INFO: 响应的url地址:https://hr.tencent.com/position.php?&start=3320
2018-05-02 18:02:16 [root] WARNING: 响应的url地址:https://hr.tencent.com/position.php?&start=3310
2018-05-02 18:02:16 [root] INFO: 响应的url地址:https://hr.tencent.com/position.php?&start=3310
2018-05-02 18:02:17 [root] WARNING: 响应的url地址:https://hr.tencent.com/position.php?&start=3330
2018-05-02 18:02:17 [root] INFO: 响应的url地址:https://hr.tencent.com/position.php?&start=3330
2018-05-02 18:02:17 [root] WARNING: 响应的url地址:https://hr.tencent.com/position.php?&start=3300
2018-05-02 18:02:17 [root] INFO: 响应的url地址:https://hr.tencent.com/position.php?&start=3300
2018-05-02 18:02:17 [root] WARNING: 响应的url地址:https://hr.tencent.com/position.php?&start=3270
2018-05-02 18:02:17 [root] INFO: 响应的url地址:https://hr.tencent.com/position.php?&start=3270
2018-05-02 18:02:18 [root] WARNING: 响应的url地址:https://hr.tencent.com/position.php?&start=3250
2018-05-02 18:02:18 [root] INFO: 响应的url地址:https://hr.tencent.com/position.php?&start=3250
2018-05-02 18:02:18 [root] WARNING: 响应的url地址:https://hr.tencent.com/position.php?&start=3240
2018-05-02 18:02:18 [root] INFO: 响应的url地址:https://hr.tencent.com/position.php?&start=3240
2018-05-02 18:02:18 [root] WARNING: 响应的url地址:https://hr.tencent.com/position.php?&start=3230
2018-05-02 18:02:18 [root] INFO: 响应的url地址:https://hr.tencent.com/position.php?&start=3230
2018-05-02 18:02:19 [root] WARNING: 响应的url地址:https://hr.tencent.com/position.php?&start=3260
2018-05-02 18:02:19 [root] INFO: 响应的url地址:https://hr.tencent.com/position.php?&start=3260
2018-05-02 18:02:19 [root] WARNING: 响应的url地址:https://hr.tencent.com/position.php?&start=3220
2018-05-02 18:02:19 [root] INFO: 响应的url地址:https://hr.tencent.com/position.php?&start=3220
2018-05-02 18:02:19 [root] WARNING: 响应的url地址:https://hr.tencent.com/position.php?&start=3210
2018-05-02 18:02:19 [root] INFO: 响应的url地址:https://hr.tencent.com/position.php?&start=3210
2018-05-02 18:02:19 [root] WARNING: 响应的url地址:https://hr.tencent.com/position.php?&start=3190
2018-05-02 18:02:19 [root] INFO: 响应的url地址:https://hr.tencent.com/position.php?&start=3190
2018-05-02 18:02:19 [root] WARNING: 响应的url地址:https://hr.tencent.com/position.php?&start=3200
2018-05-02 18:02:19 [root] INFO: 响应的url地址:https://hr.tencent.com/position.php?&start=3200
2018-05-02 18:02:20 [root] WARNING: 响应的url地址:https://hr.tencent.com/position.php?&start=3180
2018-05-02 18:02:20 [root] INFO: 响应的url地址:https://hr.tencent.com/position.php?&start=3180
2018-05-02 18:02:20 [root] WARNING: 响应的url地址:https://hr.tencent.com/position.php?&start=3140
2018-05-02 18:02:20 [root] INFO: 响应的url地址:https://hr.tencent.com/position.php?&start=3140
2018-05-02 18:02:21 [root] WARNING: 响应的url地址:https://hr.tencent.com/position.php?&start=3160
2018-05-02 18:02:21 [root] INFO: 响应的url地址:https://hr.tencent.com/position.php?&start=3160
2018-05-02 18:02:21 [root] WARNING: 响应的url地址:https://hr.tencent.com/position.php?&start=3150
2018-05-02 18:02:21 [root] INFO: 响应的url地址:https://hr.tencent.com/position.php?&start=3150
2018-05-02 18:02:21 [root] WARNING: 响应的url地址:https://hr.tencent.com/position.php?&start=3170
2018-05-02 18:02:21 [root] INFO: 响应的url地址:https://hr.tencent.com/position.php?&start=3170
2018-05-02 18:02:22 [root] WARNING: 响应的url地址:https://hr.tencent.com/position.php?&start=3120
2018-05-02 18:02:22 [root] INFO: 响应的url地址:https://hr.tencent.com/position.php?&start=3120
2018-05-02 18:02:22 [root] WARNING: 响应的url地址:https://hr.tencent.com/position.php?&start=3130
2018-05-02 18:02:22 [root] INFO: 响应的url地址:https://hr.tencent.com/position.php?&start=3130
2018-05-02 18:02:22 [root] WARNING: 响应的url地址:https://hr.tencent.com/position.php?&start=3110
2018-05-02 18:02:22 [root] INFO: 响应的url地址:https://hr.tencent.com/position.php?&start=3110
2018-05-02 18:02:23 [root] WARNING: 响应的url地址:https://hr.tencent.com/position.php?&start=3100
2018-05-02 18:02:23 [root] INFO: 响应的url地址:https://hr.tencent.com/position.php?&start=3100
2018-05-02 18:02:23 [root] WARNING: 响应的url地址:https://hr.tencent.com/position.php?&start=3060
2018-05-02 18:02:23 [root] INFO: 响应的url地址:https://hr.tencent.com/position.php?&start=3060
2018-05-02 18:02:23 [root] WARNING: 响应的url地址:https://hr.tencent.com/position.php?&start=3070
2018-05-02 18:02:23 [root] INFO: 响应的url地址:https://hr.tencent.com/position.php?&start=3070
2018-05-02 18:02:24 [root] WARNING: 响应的url地址:https://hr.tencent.com/position.php?&start=3050
2018-05-02 18:02:24 [root] INFO: 响应的url地址:https://hr.tencent.com/position.php?&start=3050
2018-05-02 18:02:25 [root] WARNING: 响应的url地址:https://hr.tencent.com/position.php?&start=3010
2018-05-02 18:02:25 [root] INFO: 响应的url地址:https://hr.tencent.com/position.php?&start=3010
2018-05-02 18:02:25 [root] WARNING: 响应的url地址:https://hr.tencent.com/position.php?&start=3040
2018-05-02 18:02:25 [root] INFO: 响应的url地址:https://hr.tencent.com/position.php?&start=3040
2018-05-02 18:02:25 [root] WARNING: 响应的url地址:https://hr.tencent.com/position.php?&start=3030
2018-05-02 18:02:25 [root] INFO: 响应的url地址:https://hr.tencent.com/position.php?&start=3030
2018-05-02 18:02:25 [root] WARNING: 响应的url地址:https://hr.tencent.com/position.php?&start=3020
2018-05-02 18:02:25 [root] INFO: 响应的url地址:https://hr.tencent.com/position.php?&start=3020
2018-05-02 18:02:27 [root] WARNING: 响应的url地址:https://hr.tencent.com/position.php?&start=2990
2018-05-02 18:02:27 [root] INFO: 响应的url地址:https://hr.tencent.com/position.php?&start=2990
2018-05-02 18:02:27 [root] WARNING: 响应的url地址:https://hr.tencent.com/position.php?&start=3000
2018-05-02 18:02:27 [root] INFO: 响应的url地址:https://hr.tencent.com/position.php?&start=3000
2018-05-02 18:02:27 [root] WARNING: 响应的url地址:https://hr.tencent.com/position.php?&start=2980
2018-05-02 18:02:27 [root] INFO: 响应的url地址:https://hr.tencent.com/position.php?&start=2980
2018-05-02 18:02:27 [root] WARNING: 响应的url地址:https://hr.tencent.com/position.php?&start=2970
2018-05-02 18:02:27 [root] INFO: 响应的url地址:https://hr.tencent.com/position.php?&start=2970
2018-05-02 18:02:28 [root] WARNING: 响应的url地址:https://hr.tencent.com/position.php?&start=3080
2018-05-02 18:02:28 [root] INFO: 响应的url地址:https://hr.tencent.com/position.php?&start=3080
2018-05-02 18:02:28 [root] WARNING: 响应的url地址:https://hr.tencent.com/position.php?&start=3090
2018-05-02 18:02:28 [root] INFO: 响应的url地址:https://hr.tencent.com/position.php?&start=3090
2018-05-02 18:02:28 [root] WARNING: 响应的url地址:https://hr.tencent.com/position.php?&start=2930
2018-05-02 18:02:28 [root] INFO: 响应的url地址:https://hr.tencent.com/position.php?&start=2930
2018-05-02 18:02:29 [root] WARNING: 响应的url地址:https://hr.tencent.com/position.php?&start=2910
2018-05-02 18:02:29 [root] INFO: 响应的url地址:https://hr.tencent.com/position.php?&start=2910
2018-05-02 18:02:29 [root] WARNING: 响应的url地址:https://hr.tencent.com/position.php?&start=2900
2018-05-02 18:02:29 [root] INFO: 响应的url地址:https://hr.tencent.com/position.php?&start=2900
2018-05-02 18:02:29 [root] WARNING: 响应的url地址:https://hr.tencent.com/position.php?&start=2890
2018-05-02 18:02:29 [root] INFO: 响应的url地址:https://hr.tencent.com/position.php?&start=2890
2018-05-02 18:02:29 [root] WARNING: 响应的url地址:https://hr.tencent.com/position.php?&start=2920
2018-05-02 18:02:29 [root] INFO: 响应的url地址:https://hr.tencent.com/position.php?&start=2920
2018-05-02 18:02:31 [root] WARNING: 响应的url地址:https://hr.tencent.com/position.php?&start=2850
2018-05-02 18:02:31 [root] INFO: 响应的url地址:https://hr.tencent.com/position.php?&start=2850
2018-05-02 18:02:31 [root] WARNING: 响应的url地址:https://hr.tencent.com/position.php?&start=2860
2018-05-02 18:02:31 [root] INFO: 响应的url地址:https://hr.tencent.com/position.php?&start=2860
2018-05-02 18:02:31 [root] WARNING: 响应的url地址:https://hr.tencent.com/position.php?&start=2880
2018-05-02 18:02:31 [root] INFO: 响应的url地址:https://hr.tencent.com/position.php?&start=2880
2018-05-02 18:02:31 [root] WARNING: 响应的url地址:https://hr.tencent.com/position.php?&start=2870
2018-05-02 18:02:31 [root] INFO: 响应的url地址:https://hr.tencent.com/position.php?&start=2870
2018-05-02 18:02:33 [root] WARNING: 响应的url地址:https://hr.tencent.com/position.php?&start=2830
2018-05-02 18:02:33 [root] INFO: 响应的url地址:https://hr.tencent.com/position.php?&start=2830
2018-05-02 18:02:33 [root] WARNING: 响应的url地址:https://hr.tencent.com/position.php?&start=2820
2018-05-02 18:02:33 [root] INFO: 响应的url地址:https://hr.tencent.com/position.php?&start=2820
2018-05-02 18:02:33 [root] WARNING: 响应的url地址:https://hr.tencent.com/position.php?&start=2840
2018-05-02 18:02:33 [root] INFO: 响应的url地址:https://hr.tencent.com/position.php?&start=2840
2018-05-02 18:02:33 [root] WARNING: 响应的url地址:https://hr.tencent.com/position.php?&start=2810
2018-05-02 18:02:33 [root] INFO: 响应的url地址:https://hr.tencent.com/position.php?&start=2810
2018-05-02 18:02:33 [root] WARNING: 响应的url地址:https://hr.tencent.com/position.php?&start=2940
2018-05-02 18:02:33 [root] INFO: 响应的url地址:https://hr.tencent.com/position.php?&start=2940
2018-05-02 18:02:33 [root] WARNING: 响应的url地址:https://hr.tencent.com/position.php?&start=2800
2018-05-02 18:02:33 [root] INFO: 响应的url地址:https://hr.tencent.com/position.php?&start=2800
2018-05-02 18:02:34 [root] WARNING: 响应的url地址:https://hr.tencent.com/position.php?&start=2760
2018-05-02 18:02:34 [root] INFO: 响应的url地址:https://hr.tencent.com/position.php?&start=2760
2018-05-02 18:02:35 [root] WARNING: 响应的url地址:https://hr.tencent.com/position.php?&start=2770
2018-05-02 18:02:35 [root] INFO: 响应的url地址:https://hr.tencent.com/position.php?&start=2770
2018-05-02 18:02:35 [root] WARNING: 响应的url地址:https://hr.tencent.com/position.php?&start=2740
2018-05-02 18:02:35 [root] INFO: 响应的url地址:https://hr.tencent.com/position.php?&start=2740
2018-05-02 18:02:35 [root] WARNING: 响应的url地址:https://hr.tencent.com/position.php?&start=2720
2018-05-02 18:02:35 [root] INFO: 响应的url地址:https://hr.tencent.com/position.php?&start=2720
2018-05-02 18:02:35 [root] WARNING: 响应的url地址:https://hr.tencent.com/position.php?&start=2750
2018-05-02 18:02:35 [root] INFO: 响应的url地址:https://hr.tencent.com/position.php?&start=2750
2018-05-02 18:02:35 [root] WARNING: 响应的url地址:https://hr.tencent.com/position.php?&start=2730
2018-05-02 18:02:35 [root] INFO: 响应的url地址:https://hr.tencent.com/position.php?&start=2730
2018-05-02 18:02:36 [root] WARNING: 响应的url地址:https://hr.tencent.com/position.php?&start=2710
2018-05-02 18:02:36 [root] INFO: 响应的url地址:https://hr.tencent.com/position.php?&start=2710
2018-05-02 18:02:36 [root] WARNING: 响应的url地址:https://hr.tencent.com/position.php?&start=2690
2018-05-02 18:02:36 [root] INFO: 响应的url地址:https://hr.tencent.com/position.php?&start=2690
2018-05-02 18:02:36 [root] WARNING: 响应的url地址:https://hr.tencent.com/position.php?&start=2680
2018-05-02 18:02:36 [root] INFO: 响应的url地址:https://hr.tencent.com/position.php?&start=2680
2018-05-02 18:02:37 [root] WARNING: 响应的url地址:https://hr.tencent.com/position.php?&start=2640
2018-05-02 18:02:37 [root] INFO: 响应的url地址:https://hr.tencent.com/position.php?&start=2640
2018-05-02 18:02:37 [root] WARNING: 响应的url地址:https://hr.tencent.com/position.php?&start=2660
2018-05-02 18:02:37 [root] INFO: 响应的url地址:https://hr.tencent.com/position.php?&start=2660
2018-05-02 18:02:37 [root] WARNING: 响应的url地址:https://hr.tencent.com/position.php?&start=2650
2018-05-02 18:02:37 [root] INFO: 响应的url地址:https://hr.tencent.com/position.php?&start=2650
2018-05-02 18:02:37 [root] WARNING: 响应的url地址:https://hr.tencent.com/position.php?&start=2670
2018-05-02 18:02:37 [root] INFO: 响应的url地址:https://hr.tencent.com/position.php?&start=2670
2018-05-02 18:02:38 [root] WARNING: 响应的url地址:https://hr.tencent.com/position.php?&start=2600
2018-05-02 18:02:38 [root] INFO: 响应的url地址:https://hr.tencent.com/position.php?&start=2600
2018-05-02 18:02:38 [root] WARNING: 响应的url地址:https://hr.tencent.com/position.php?&start=2620
2018-05-02 18:02:38 [root] INFO: 响应的url地址:https://hr.tencent.com/position.php?&start=2620
2018-05-02 18:02:38 [root] WARNING: 响应的url地址:https://hr.tencent.com/position.php?&start=2610
2018-05-02 18:02:38 [root] INFO: 响应的url地址:https://hr.tencent.com/position.php?&start=2610
2018-05-02 18:02:39 [root] WARNING: 响应的url地址:https://hr.tencent.com/position.php?&start=2580
2018-05-02 18:02:39 [root] INFO: 响应的url地址:https://hr.tencent.com/position.php?&start=2580
2018-05-02 18:02:39 [root] WARNING: 响应的url地址:https://hr.tencent.com/position.php?&start=2570
2018-05-02 18:02:39 [root] INFO: 响应的url地址:https://hr.tencent.com/position.php?&start=2570
2018-05-02 18:02:39 [root] WARNING: 响应的url地址:https://hr.tencent.com/position.php?&start=2560
2018-05-02 18:02:39 [root] INFO: 响应的url地址:https://hr.tencent.com/position.php?&start=2560
2018-05-02 18:02:40 [root] WARNING: 响应的url地址:https://hr.tencent.com/position.php?&start=2590
2018-05-02 18:02:40 [root] INFO: 响应的url地址:https://hr.tencent.com/position.php?&start=2590
2018-05-02 18:02:40 [root] WARNING: 响应的url地址:https://hr.tencent.com/position.php?&start=2630
2018-05-02 18:02:40 [root] INFO: 响应的url地址:https://hr.tencent.com/position.php?&start=2630
2018-05-02 18:02:40 [root] WARNING: 响应的url地址:https://hr.tencent.com/position.php?&start=2520
2018-05-02 18:02:40 [root] INFO: 响应的url地址:https://hr.tencent.com/position.php?&start=2520
2018-05-02 18:02:41 [root] WARNING: 响应的url地址:https://hr.tencent.com/position.php?&start=2500
2018-05-02 18:02:41 [root] INFO: 响应的url地址:https://hr.tencent.com/position.php?&start=2500
2018-05-02 18:02:41 [root] WARNING: 响应的url地址:https://hr.tencent.com/position.php?&start=2490
2018-05-02 18:02:41 [root] INFO: 响应的url地址:https://hr.tencent.com/position.php?&start=2490
2018-05-02 18:02:41 [root] WARNING: 响应的url地址:https://hr.tencent.com/position.php?&start=2480
2018-05-02 18:02:41 [root] INFO: 响应的url地址:https://hr.tencent.com/position.php?&start=2480
2018-05-02 18:02:41 [root] WARNING: 响应的url地址:https://hr.tencent.com/position.php?&start=2510
2018-05-02 18:02:41 [root] INFO: 响应的url地址:https://hr.tencent.com/position.php?&start=2510
2018-05-02 18:02:42 [root] WARNING: 响应的url地址:https://hr.tencent.com/position.php?&start=2440
2018-05-02 18:02:42 [root] INFO: 响应的url地址:https://hr.tencent.com/position.php?&start=2440
2018-05-02 18:02:43 [root] WARNING: 响应的url地址:https://hr.tencent.com/position.php?&start=2420
2018-05-02 18:02:43 [root] INFO: 响应的url地址:https://hr.tencent.com/position.php?&start=2420
2018-05-02 18:02:43 [root] WARNING: 响应的url地址:https://hr.tencent.com/position.php?&start=2410
2018-05-02 18:02:43 [root] INFO: 响应的url地址:https://hr.tencent.com/position.php?&start=2410
2018-05-02 18:02:43 [root] WARNING: 响应的url地址:https://hr.tencent.com/position.php?&start=2400
2018-05-02 18:02:43 [root] INFO: 响应的url地址:https://hr.tencent.com/position.php?&start=2400
2018-05-02 18:02:43 [root] WARNING: 响应的url地址:https://hr.tencent.com/position.php?&start=2430
2018-05-02 18:02:43 [root] INFO: 响应的url地址:https://hr.tencent.com/position.php?&start=2430
2018-05-02 18:02:43 [root] WARNING: 响应的url地址:https://hr.tencent.com/position.php?&start=2390
2018-05-02 18:02:43 [root] INFO: 响应的url地址:https://hr.tencent.com/position.php?&start=2390
2018-05-02 18:02:43 [root] WARNING: 响应的url地址:https://hr.tencent.com/position.php?&start=2370
2018-05-02 18:02:43 [root] INFO: 响应的url地址:https://hr.tencent.com/position.php?&start=2370
2018-05-02 18:02:44 [root] WARNING: 响应的url地址:https://hr.tencent.com/position.php?&start=2360
2018-05-02 18:02:44 [root] INFO: 响应的url地址:https://hr.tencent.com/position.php?&start=2360
2018-05-02 18:02:45 [root] WARNING: 响应的url地址:https://hr.tencent.com/position.php?&start=2320
2018-05-02 18:02:45 [root] INFO: 响应的url地址:https://hr.tencent.com/position.php?&start=2320
2018-05-02 18:02:45 [root] WARNING: 响应的url地址:https://hr.tencent.com/position.php?&start=2330
2018-05-02 18:02:45 [root] INFO: 响应的url地址:https://hr.tencent.com/position.php?&start=2330
2018-05-02 18:02:45 [root] WARNING: 响应的url地址:https://hr.tencent.com/position.php?&start=2340
2018-05-02 18:02:45 [root] INFO: 响应的url地址:https://hr.tencent.com/position.php?&start=2340
2018-05-02 18:02:45 [root] WARNING: 响应的url地址:https://hr.tencent.com/position.php?&start=2350
2018-05-02 18:02:45 [root] INFO: 响应的url地址:https://hr.tencent.com/position.php?&start=2350
2018-05-02 18:02:45 [root] WARNING: 响应的url地址:https://hr.tencent.com/position.php?&start=2310
2018-05-02 18:02:45 [root] INFO: 响应的url地址:https://hr.tencent.com/position.php?&start=2310
2018-05-02 18:02:45 [root] WARNING: 响应的url地址:https://hr.tencent.com/position.php?&start=2300
2018-05-02 18:02:45 [root] INFO: 响应的url地址:https://hr.tencent.com/position.php?&start=2300
2018-05-02 18:02:46 [root] WARNING: 响应的url地址:https://hr.tencent.com/position.php?&start=2260
2018-05-02 18:02:46 [root] INFO: 响应的url地址:https://hr.tencent.com/position.php?&start=2260
2018-05-02 18:02:47 [root] WARNING: 响应的url地址:https://hr.tencent.com/position.php?&start=2270
2018-05-02 18:02:47 [root] INFO: 响应的url地址:https://hr.tencent.com/position.php?&start=2270
2018-05-02 18:02:47 [root] WARNING: 响应的url地址:https://hr.tencent.com/position.php?&start=2240
2018-05-02 18:02:47 [root] INFO: 响应的url地址:https://hr.tencent.com/position.php?&start=2240
2018-05-02 18:02:47 [root] WARNING: 响应的url地址:https://hr.tencent.com/position.php?&start=2220
2018-05-02 18:02:47 [root] INFO: 响应的url地址:https://hr.tencent.com/position.php?&start=2220
2018-05-02 18:02:47 [root] WARNING: 响应的url地址:https://hr.tencent.com/position.php?&start=2230
2018-05-02 18:02:47 [root] INFO: 响应的url地址:https://hr.tencent.com/position.php?&start=2230
2018-05-02 18:02:47 [root] WARNING: 响应的url地址:https://hr.tencent.com/position.php?&start=2250
2018-05-02 18:02:47 [root] INFO: 响应的url地址:https://hr.tencent.com/position.php?&start=2250
2018-05-02 18:02:48 [root] WARNING: 响应的url地址:https://hr.tencent.com/position.php?&start=2190
2018-05-02 18:02:48 [root] INFO: 响应的url地址:https://hr.tencent.com/position.php?&start=2190
2018-05-02 18:02:49 [root] WARNING: 响应的url地址:https://hr.tencent.com/position.php?&start=2170
2018-05-02 18:02:49 [root] INFO: 响应的url地址:https://hr.tencent.com/position.php?&start=2170
2018-05-02 18:02:49 [root] WARNING: 响应的url地址:https://hr.tencent.com/position.php?&start=2160
2018-05-02 18:02:49 [root] INFO: 响应的url地址:https://hr.tencent.com/position.php?&start=2160
2018-05-02 18:02:49 [root] WARNING: 响应的url地址:https://hr.tencent.com/position.php?&start=2150
2018-05-02 18:02:49 [root] INFO: 响应的url地址:https://hr.tencent.com/position.php?&start=2150
2018-05-02 18:02:49 [root] WARNING: 响应的url地址:https://hr.tencent.com/position.php?&start=2180
2018-05-02 18:02:49 [root] INFO: 响应的url地址:https://hr.tencent.com/position.php?&start=2180
2018-05-02 18:02:49 [root] WARNING: 响应的url地址:https://hr.tencent.com/position.php?&start=2120
2018-05-02 18:02:49 [root] INFO: 响应的url地址:https://hr.tencent.com/position.php?&start=2120
2018-05-02 18:02:50 [root] WARNING: 响应的url地址:https://hr.tencent.com/position.php?&start=2100
2018-05-02 18:02:50 [root] INFO: 响应的url地址:https://hr.tencent.com/position.php?&start=2100
2018-05-02 18:02:50 [root] WARNING: 响应的url地址:https://hr.tencent.com/position.php?&start=2080
2018-05-02 18:02:50 [root] INFO: 响应的url地址:https://hr.tencent.com/position.php?&start=2080
2018-05-02 18:02:50 [root] WARNING: 响应的url地址:https://hr.tencent.com/position.php?&start=2090
2018-05-02 18:02:50 [root] INFO: 响应的url地址:https://hr.tencent.com/position.php?&start=2090
2018-05-02 18:02:50 [root] WARNING: 响应的url地址:https://hr.tencent.com/position.php?&start=2110
2018-05-02 18:02:50 [root] INFO: 响应的url地址:https://hr.tencent.com/position.php?&start=2110
2018-05-02 18:02:51 [root] WARNING: 响应的url地址:https://hr.tencent.com/position.php?&start=2050
2018-05-02 18:02:51 [root] INFO: 响应的url地址:https://hr.tencent.com/position.php?&start=2050
2018-05-02 18:02:52 [root] WARNING: 响应的url地址:https://hr.tencent.com/position.php?&start=2030
2018-05-02 18:02:52 [root] INFO: 响应的url地址:https://hr.tencent.com/position.php?&start=2030
2018-05-02 18:02:52 [root] WARNING: 响应的url地址:https://hr.tencent.com/position.php?&start=2010
2018-05-02 18:02:52 [root] INFO: 响应的url地址:https://hr.tencent.com/position.php?&start=2010
2018-05-02 18:02:52 [root] WARNING: 响应的url地址:https://hr.tencent.com/position.php?&start=2020
2018-05-02 18:02:52 [root] INFO: 响应的url地址:https://hr.tencent.com/position.php?&start=2020
2018-05-02 18:02:53 [root] WARNING: 响应的url地址:https://hr.tencent.com/position.php?&start=2040
2018-05-02 18:02:53 [root] INFO: 响应的url地址:https://hr.tencent.com/position.php?&start=2040
2018-05-02 18:02:53 [root] WARNING: 响应的url地址:https://hr.tencent.com/position.php?&start=2070
2018-05-02 18:02:53 [root] INFO: 响应的url地址:https://hr.tencent.com/position.php?&start=2070
2018-05-02 18:02:54 [root] WARNING: 响应的url地址:https://hr.tencent.com/position.php?&start=1980
2018-05-02 18:02:54 [root] INFO: 响应的url地址:https://hr.tencent.com/position.php?&start=1980
2018-05-02 18:02:54 [root] WARNING: 响应的url地址:https://hr.tencent.com/position.php?&start=1970
2018-05-02 18:02:54 [root] INFO: 响应的url地址:https://hr.tencent.com/position.php?&start=1970
2018-05-02 18:02:55 [root] WARNING: 响应的url地址:https://hr.tencent.com/position.php?&start=1990
2018-05-02 18:02:55 [root] INFO: 响应的url地址:https://hr.tencent.com/position.php?&start=1990
2018-05-02 18:02:55 [root] WARNING: 响应的url地址:https://hr.tencent.com/position.php?&start=2060
2018-05-02 18:02:55 [root] INFO: 响应的url地址:https://hr.tencent.com/position.php?&start=2060
2018-05-02 18:02:55 [root] WARNING: 响应的url地址:https://hr.tencent.com/position.php?&start=2000
2018-05-02 18:02:55 [root] INFO: 响应的url地址:https://hr.tencent.com/position.php?&start=2000
2018-05-02 18:02:55 [root] WARNING: 响应的url地址:https://hr.tencent.com/position.php?&start=1930
2018-05-02 18:02:55 [root] INFO: 响应的url地址:https://hr.tencent.com/position.php?&start=1930
2018-05-02 18:02:56 [root] WARNING: 响应的url地址:https://hr.tencent.com/position.php?&start=1900
2018-05-02 18:02:56 [root] INFO: 响应的url地址:https://hr.tencent.com/position.php?&start=1900
2018-05-02 18:02:56 [root] WARNING: 响应的url地址:https://hr.tencent.com/position.php?&start=1910
2018-05-02 18:02:56 [root] INFO: 响应的url地址:https://hr.tencent.com/position.php?&start=1910
2018-05-02 18:02:56 [root] WARNING: 响应的url地址:https://hr.tencent.com/position.php?&start=1890
2018-05-02 18:02:56 [root] INFO: 响应的url地址:https://hr.tencent.com/position.php?&start=1890
2018-05-02 18:02:57 [root] WARNING: 响应的url地址:https://hr.tencent.com/position.php?&start=1920
2018-05-02 18:02:57 [root] INFO: 响应的url地址:https://hr.tencent.com/position.php?&start=1920
2018-05-02 18:02:57 [scrapy.extensions.logstats] INFO: Crawled 1790 pages (at 1790 pages/min), scraped 1784 items (at 1784 items/min)
2018-05-02 18:02:58 [root] WARNING: 响应的url地址:https://hr.tencent.com/position.php?&start=1850
2018-05-02 18:02:58 [root] INFO: 响应的url地址:https://hr.tencent.com/position.php?&start=1850
2018-05-02 18:02:58 [root] WARNING: 响应的url地址:https://hr.tencent.com/position.php?&start=1880
2018-05-02 18:02:58 [root] INFO: 响应的url地址:https://hr.tencent.com/position.php?&start=1880
2018-05-02 18:02:59 [root] WARNING: 响应的url地址:https://hr.tencent.com/position.php?&start=1860
2018-05-02 18:02:59 [root] INFO: 响应的url地址:https://hr.tencent.com/position.php?&start=1860
2018-05-02 18:02:59 [root] WARNING: 响应的url地址:https://hr.tencent.com/position.php?&start=1870
2018-05-02 18:02:59 [root] INFO: 响应的url地址:https://hr.tencent.com/position.php?&start=1870
2018-05-02 18:02:59 [root] WARNING: 响应的url地址:https://hr.tencent.com/position.php?&start=1960
2018-05-02 18:02:59 [root] INFO: 响应的url地址:https://hr.tencent.com/position.php?&start=1960
2018-05-02 18:02:59 [root] WARNING: 响应的url地址:https://hr.tencent.com/position.php?&start=1950
2018-05-02 18:02:59 [root] INFO: 响应的url地址:https://hr.tencent.com/position.php?&start=1950
2018-05-02 18:02:59 [root] WARNING: 响应的url地址:https://hr.tencent.com/position.php?&start=1830
2018-05-02 18:02:59 [root] INFO: 响应的url地址:https://hr.tencent.com/position.php?&start=1830
2018-05-02 18:02:59 [root] WARNING: 响应的url地址:https://hr.tencent.com/position.php?&start=1820
2018-05-02 18:02:59 [root] INFO: 响应的url地址:https://hr.tencent.com/position.php?&start=1820
2018-05-02 18:02:59 [root] WARNING: 响应的url地址:https://hr.tencent.com/position.php?&start=1810
2018-05-02 18:02:59 [root] INFO: 响应的url地址:https://hr.tencent.com/position.php?&start=1810
2018-05-02 18:02:59 [root] WARNING: 响应的url地址:https://hr.tencent.com/position.php?&start=1840
2018-05-02 18:02:59 [root] INFO: 响应的url地址:https://hr.tencent.com/position.php?&start=1840
2018-05-02 18:03:00 [root] WARNING: 响应的url地址:https://hr.tencent.com/position.php?&start=1770
2018-05-02 18:03:00 [root] INFO: 响应的url地址:https://hr.tencent.com/position.php?&start=1770
2018-05-02 18:03:01 [root] WARNING: 响应的url地址:https://hr.tencent.com/position.php?&start=1750
2018-05-02 18:03:01 [root] INFO: 响应的url地址:https://hr.tencent.com/position.php?&start=1750
2018-05-02 18:03:01 [root] WARNING: 响应的url地址:https://hr.tencent.com/position.php?&start=1740
2018-05-02 18:03:01 [root] INFO: 响应的url地址:https://hr.tencent.com/position.php?&start=1740
2018-05-02 18:03:01 [root] WARNING: 响应的url地址:https://hr.tencent.com/position.php?&start=1730
2018-05-02 18:03:01 [root] INFO: 响应的url地址:https://hr.tencent.com/position.php?&start=1730
2018-05-02 18:03:01 [root] WARNING: 响应的url地址:https://hr.tencent.com/position.php?&start=1760
2018-05-02 18:03:01 [root] INFO: 响应的url地址:https://hr.tencent.com/position.php?&start=1760
2018-05-02 18:03:01 [root] WARNING: 响应的url地址:https://hr.tencent.com/position.php?&start=1720
2018-05-02 18:03:01 [root] INFO: 响应的url地址:https://hr.tencent.com/position.php?&start=1720
2018-05-02 18:03:02 [root] WARNING: 响应的url地址:https://hr.tencent.com/position.php?&start=1690
2018-05-02 18:03:02 [root] INFO: 响应的url地址:https://hr.tencent.com/position.php?&start=1690
2018-05-02 18:03:03 [root] WARNING: 响应的url地址:https://hr.tencent.com/position.php?&start=1670
2018-05-02 18:03:03 [root] INFO: 响应的url地址:https://hr.tencent.com/position.php?&start=1670
2018-05-02 18:03:03 [root] WARNING: 响应的url地址:https://hr.tencent.com/position.php?&start=1660
2018-05-02 18:03:03 [root] INFO: 响应的url地址:https://hr.tencent.com/position.php?&start=1660
2018-05-02 18:03:03 [root] WARNING: 响应的url地址:https://hr.tencent.com/position.php?&start=1680
2018-05-02 18:03:03 [root] INFO: 响应的url地址:https://hr.tencent.com/position.php?&start=1680
2018-05-02 18:03:03 [root] WARNING: 响应的url地址:https://hr.tencent.com/position.php?&start=1650
2018-05-02 18:03:03 [root] INFO: 响应的url地址:https://hr.tencent.com/position.php?&start=1650
2018-05-02 18:03:04 [root] WARNING: 响应的url地址:https://hr.tencent.com/position.php?&start=1610
2018-05-02 18:03:04 [root] INFO: 响应的url地址:https://hr.tencent.com/position.php?&start=1610
2018-05-02 18:03:05 [root] WARNING: 响应的url地址:https://hr.tencent.com/position.php?&start=1620
2018-05-02 18:03:05 [root] INFO: 响应的url地址:https://hr.tencent.com/position.php?&start=1620
2018-05-02 18:03:05 [root] WARNING: 响应的url地址:https://hr.tencent.com/position.php?&start=1590
2018-05-02 18:03:05 [root] INFO: 响应的url地址:https://hr.tencent.com/position.php?&start=1590
2018-05-02 18:03:05 [root] WARNING: 响应的url地址:https://hr.tencent.com/position.php?&start=1580
2018-05-02 18:03:05 [root] INFO: 响应的url地址:https://hr.tencent.com/position.php?&start=1580
2018-05-02 18:03:05 [root] WARNING: 响应的url地址:https://hr.tencent.com/position.php?&start=1570
2018-05-02 18:03:05 [root] INFO: 响应的url地址:https://hr.tencent.com/position.php?&start=1570
2018-05-02 18:03:05 [root] WARNING: 响应的url地址:https://hr.tencent.com/position.php?&start=1600
2018-05-02 18:03:05 [root] INFO: 响应的url地址:https://hr.tencent.com/position.php?&start=1600
2018-05-02 18:03:06 [root] WARNING: 响应的url地址:https://hr.tencent.com/position.php?&start=1630
2018-05-02 18:03:06 [root] INFO: 响应的url地址:https://hr.tencent.com/position.php?&start=1630
2018-05-02 18:03:06 [root] WARNING: 响应的url地址:https://hr.tencent.com/position.php?&start=1640
2018-05-02 18:03:06 [root] INFO: 响应的url地址:https://hr.tencent.com/position.php?&start=1640
2018-05-02 18:03:06 [root] WARNING: 响应的url地址:https://hr.tencent.com/position.php?&start=1560
2018-05-02 18:03:06 [root] INFO: 响应的url地址:https://hr.tencent.com/position.php?&start=1560
2018-05-02 18:03:07 [root] WARNING: 响应的url地址:https://hr.tencent.com/position.php?&start=1520
2018-05-02 18:03:07 [root] INFO: 响应的url地址:https://hr.tencent.com/position.php?&start=1520
2018-05-02 18:03:08 [root] WARNING: 响应的url地址:https://hr.tencent.com/position.php?&start=1500
2018-05-02 18:03:08 [root] INFO: 响应的url地址:https://hr.tencent.com/position.php?&start=1500
2018-05-02 18:03:08 [root] WARNING: 响应的url地址:https://hr.tencent.com/position.php?&start=1490
2018-05-02 18:03:08 [root] INFO: 响应的url地址:https://hr.tencent.com/position.php?&start=1490
2018-05-02 18:03:08 [root] WARNING: 响应的url地址:https://hr.tencent.com/position.php?&start=1480
2018-05-02 18:03:08 [root] INFO: 响应的url地址:https://hr.tencent.com/position.php?&start=1480
2018-05-02 18:03:08 [root] WARNING: 响应的url地址:https://hr.tencent.com/position.php?&start=1510
2018-05-02 18:03:08 [root] INFO: 响应的url地址:https://hr.tencent.com/position.php?&start=1510
2018-05-02 18:03:08 [root] WARNING: 响应的url地址:https://hr.tencent.com/position.php?&start=1530
2018-05-02 18:03:08 [root] INFO: 响应的url地址:https://hr.tencent.com/position.php?&start=1530
2018-05-02 18:03:09 [root] WARNING: 响应的url地址:https://hr.tencent.com/position.php?&start=1540
2018-05-02 18:03:09 [root] INFO: 响应的url地址:https://hr.tencent.com/position.php?&start=1540
2018-05-02 18:03:09 [root] WARNING: 响应的url地址:https://hr.tencent.com/position.php?&start=1550
2018-05-02 18:03:09 [root] INFO: 响应的url地址:https://hr.tencent.com/position.php?&start=1550
2018-05-02 18:03:09 [root] WARNING: 响应的url地址:https://hr.tencent.com/position.php?&start=1470
2018-05-02 18:03:09 [root] INFO: 响应的url地址:https://hr.tencent.com/position.php?&start=1470
2018-05-02 18:03:09 [root] WARNING: 响应的url地址:https://hr.tencent.com/position.php?&start=1460
2018-05-02 18:03:09 [root] INFO: 响应的url地址:https://hr.tencent.com/position.php?&start=1460
2018-05-02 18:03:09 [root] WARNING: 响应的url地址:https://hr.tencent.com/position.php?&start=1450
2018-05-02 18:03:09 [root] INFO: 响应的url地址:https://hr.tencent.com/position.php?&start=1450
2018-05-02 18:03:10 [root] WARNING: 响应的url地址:https://hr.tencent.com/position.php?&start=1430
2018-05-02 18:03:10 [root] INFO: 响应的url地址:https://hr.tencent.com/position.php?&start=1430
2018-05-02 18:03:10 [root] WARNING: 响应的url地址:https://hr.tencent.com/position.php?&start=1410
2018-05-02 18:03:10 [root] INFO: 响应的url地址:https://hr.tencent.com/position.php?&start=1410
2018-05-02 18:03:10 [root] WARNING: 响应的url地址:https://hr.tencent.com/position.php?&start=1420
2018-05-02 18:03:10 [root] INFO: 响应的url地址:https://hr.tencent.com/position.php?&start=1420
2018-05-02 18:03:10 [root] WARNING: 响应的url地址:https://hr.tencent.com/position.php?&start=1380
2018-05-02 18:03:10 [root] INFO: 响应的url地址:https://hr.tencent.com/position.php?&start=1380
2018-05-02 18:03:11 [root] WARNING: 响应的url地址:https://hr.tencent.com/position.php?&start=1370
2018-05-02 18:03:11 [root] INFO: 响应的url地址:https://hr.tencent.com/position.php?&start=1370
2018-05-02 18:03:11 [root] WARNING: 响应的url地址:https://hr.tencent.com/position.php?&start=1330
2018-05-02 18:03:11 [root] INFO: 响应的url地址:https://hr.tencent.com/position.php?&start=1330
2018-05-02 18:03:12 [root] WARNING: 响应的url地址:https://hr.tencent.com/position.php?&start=1360
2018-05-02 18:03:12 [root] INFO: 响应的url地址:https://hr.tencent.com/position.php?&start=1360
2018-05-02 18:03:12 [root] WARNING: 响应的url地址:https://hr.tencent.com/position.php?&start=1350
2018-05-02 18:03:12 [root] INFO: 响应的url地址:https://hr.tencent.com/position.php?&start=1350
2018-05-02 18:03:12 [root] WARNING: 响应的url地址:https://hr.tencent.com/position.php?&start=1340
2018-05-02 18:03:12 [root] INFO: 响应的url地址:https://hr.tencent.com/position.php?&start=1340
2018-05-02 18:03:14 [root] WARNING: 响应的url地址:https://hr.tencent.com/position.php?&start=1300
2018-05-02 18:03:14 [root] INFO: 响应的url地址:https://hr.tencent.com/position.php?&start=1300
2018-05-02 18:03:14 [root] WARNING: 响应的url地址:https://hr.tencent.com/position.php?&start=1310
2018-05-02 18:03:14 [root] INFO: 响应的url地址:https://hr.tencent.com/position.php?&start=1310
2018-05-02 18:03:14 [root] WARNING: 响应的url地址:https://hr.tencent.com/position.php?&start=1290
2018-05-02 18:03:14 [root] INFO: 响应的url地址:https://hr.tencent.com/position.php?&start=1290
2018-05-02 18:03:14 [root] WARNING: 响应的url地址:https://hr.tencent.com/position.php?&start=1400
2018-05-02 18:03:14 [root] INFO: 响应的url地址:https://hr.tencent.com/position.php?&start=1400
2018-05-02 18:03:14 [root] WARNING: 响应的url地址:https://hr.tencent.com/position.php?&start=1320
2018-05-02 18:03:14 [root] INFO: 响应的url地址:https://hr.tencent.com/position.php?&start=1320
2018-05-02 18:03:14 [root] WARNING: 响应的url地址:https://hr.tencent.com/position.php?&start=1390
2018-05-02 18:03:14 [root] INFO: 响应的url地址:https://hr.tencent.com/position.php?&start=1390
2018-05-02 18:03:17 [root] WARNING: 响应的url地址:https://hr.tencent.com/position.php?&start=1250
2018-05-02 18:03:17 [root] INFO: 响应的url地址:https://hr.tencent.com/position.php?&start=1250
2018-05-02 18:03:17 [root] WARNING: 响应的url地址:https://hr.tencent.com/position.php?&start=1280
2018-05-02 18:03:17 [root] INFO: 响应的url地址:https://hr.tencent.com/position.php?&start=1280
2018-05-02 18:03:17 [root] WARNING: 响应的url地址:https://hr.tencent.com/position.php?&start=1270
2018-05-02 18:03:17 [root] INFO: 响应的url地址:https://hr.tencent.com/position.php?&start=1270
2018-05-02 18:03:17 [root] WARNING: 响应的url地址:https://hr.tencent.com/position.php?&start=1260
2018-05-02 18:03:17 [root] INFO: 响应的url地址:https://hr.tencent.com/position.php?&start=1260
2018-05-02 18:03:17 [root] WARNING: 响应的url地址:https://hr.tencent.com/position.php?&start=1230
2018-05-02 18:03:17 [root] INFO: 响应的url地址:https://hr.tencent.com/position.php?&start=1230
2018-05-02 18:03:18 [root] WARNING: 响应的url地址:https://hr.tencent.com/position.php?&start=1200
2018-05-02 18:03:18 [root] INFO: 响应的url地址:https://hr.tencent.com/position.php?&start=1200
2018-05-02 18:03:18 [root] WARNING: 响应的url地址:https://hr.tencent.com/position.php?&start=1190
2018-05-02 18:03:18 [root] INFO: 响应的url地址:https://hr.tencent.com/position.php?&start=1190
2018-05-02 18:03:19 [root] WARNING: 响应的url地址:https://hr.tencent.com/position.php?&start=1220
2018-05-02 18:03:19 [root] INFO: 响应的url地址:https://hr.tencent.com/position.php?&start=1220
2018-05-02 18:03:19 [root] WARNING: 响应的url地址:https://hr.tencent.com/position.php?&start=1210
2018-05-02 18:03:19 [root] INFO: 响应的url地址:https://hr.tencent.com/position.php?&start=1210
2018-05-02 18:03:19 [root] WARNING: 响应的url地址:https://hr.tencent.com/position.php?&start=1180
2018-05-02 18:03:19 [root] INFO: 响应的url地址:https://hr.tencent.com/position.php?&start=1180
2018-05-02 18:03:19 [root] WARNING: 响应的url地址:https://hr.tencent.com/position.php?&start=1150
2018-05-02 18:03:19 [root] INFO: 响应的url地址:https://hr.tencent.com/position.php?&start=1150
2018-05-02 18:03:20 [root] WARNING: 响应的url地址:https://hr.tencent.com/position.php?&start=1140
2018-05-02 18:03:20 [root] INFO: 响应的url地址:https://hr.tencent.com/position.php?&start=1140
2018-05-02 18:03:21 [root] WARNING: 响应的url地址:https://hr.tencent.com/position.php?&start=1100
2018-05-02 18:03:21 [root] INFO: 响应的url地址:https://hr.tencent.com/position.php?&start=1100
2018-05-02 18:03:21 [root] WARNING: 响应的url地址:https://hr.tencent.com/position.php?&start=1130
2018-05-02 18:03:21 [root] INFO: 响应的url地址:https://hr.tencent.com/position.php?&start=1130
2018-05-02 18:03:21 [root] WARNING: 响应的url地址:https://hr.tencent.com/position.php?&start=1110
2018-05-02 18:03:21 [root] INFO: 响应的url地址:https://hr.tencent.com/position.php?&start=1110
2018-05-02 18:03:21 [root] WARNING: 响应的url地址:https://hr.tencent.com/position.php?&start=1120
2018-05-02 18:03:21 [root] INFO: 响应的url地址:https://hr.tencent.com/position.php?&start=1120
2018-05-02 18:03:21 [root] WARNING: 响应的url地址:https://hr.tencent.com/position.php?&start=1090
2018-05-02 18:03:21 [root] INFO: 响应的url地址:https://hr.tencent.com/position.php?&start=1090
2018-05-02 18:03:22 [root] WARNING: 响应的url地址:https://hr.tencent.com/position.php?&start=1050
2018-05-02 18:03:22 [root] INFO: 响应的url地址:https://hr.tencent.com/position.php?&start=1050
2018-05-02 18:03:23 [root] WARNING: 响应的url地址:https://hr.tencent.com/position.php?&start=1020
2018-05-02 18:03:23 [root] INFO: 响应的url地址:https://hr.tencent.com/position.php?&start=1020
2018-05-02 18:03:23 [root] WARNING: 响应的url地址:https://hr.tencent.com/position.php?&start=1010
2018-05-02 18:03:23 [root] INFO: 响应的url地址:https://hr.tencent.com/position.php?&start=1010
2018-05-02 18:03:23 [root] WARNING: 响应的url地址:https://hr.tencent.com/position.php?&start=1040
2018-05-02 18:03:23 [root] INFO: 响应的url地址:https://hr.tencent.com/position.php?&start=1040
2018-05-02 18:03:23 [root] WARNING: 响应的url地址:https://hr.tencent.com/position.php?&start=1030
2018-05-02 18:03:23 [root] INFO: 响应的url地址:https://hr.tencent.com/position.php?&start=1030
2018-05-02 18:03:24 [root] WARNING: 响应的url地址:https://hr.tencent.com/position.php?&start=1080
2018-05-02 18:03:24 [root] INFO: 响应的url地址:https://hr.tencent.com/position.php?&start=1080
2018-05-02 18:03:24 [root] WARNING: 响应的url地址:https://hr.tencent.com/position.php?&start=1070
2018-05-02 18:03:24 [root] INFO: 响应的url地址:https://hr.tencent.com/position.php?&start=1070
2018-05-02 18:03:24 [root] WARNING: 响应的url地址:https://hr.tencent.com/position.php?&start=1060
2018-05-02 18:03:24 [root] INFO: 响应的url地址:https://hr.tencent.com/position.php?&start=1060
2018-05-02 18:03:24 [root] WARNING: 响应的url地址:https://hr.tencent.com/position.php?&start=1170
2018-05-02 18:03:24 [root] INFO: 响应的url地址:https://hr.tencent.com/position.php?&start=1170
2018-05-02 18:03:24 [root] WARNING: 响应的url地址:https://hr.tencent.com/position.php?&start=1160
2018-05-02 18:03:24 [root] INFO: 响应的url地址:https://hr.tencent.com/position.php?&start=1160
2018-05-02 18:03:24 [root] WARNING: 响应的url地址:https://hr.tencent.com/position.php?&start=1240
2018-05-02 18:03:24 [root] INFO: 响应的url地址:https://hr.tencent.com/position.php?&start=1240
2018-05-02 18:03:24 [root] WARNING: 响应的url地址:https://hr.tencent.com/position.php?&start=970
2018-05-02 18:03:24 [root] INFO: 响应的url地址:https://hr.tencent.com/position.php?&start=970
2018-05-02 18:03:25 [root] WARNING: 响应的url地址:https://hr.tencent.com/position.php?&start=950
2018-05-02 18:03:25 [root] INFO: 响应的url地址:https://hr.tencent.com/position.php?&start=950
2018-05-02 18:03:25 [root] WARNING: 响应的url地址:https://hr.tencent.com/position.php?&start=940
2018-05-02 18:03:25 [root] INFO: 响应的url地址:https://hr.tencent.com/position.php?&start=940
2018-05-02 18:03:25 [root] WARNING: 响应的url地址:https://hr.tencent.com/position.php?&start=960
2018-05-02 18:03:25 [root] INFO: 响应的url地址:https://hr.tencent.com/position.php?&start=960
2018-05-02 18:03:25 [root] WARNING: 响应的url地址:https://hr.tencent.com/position.php?&start=930
2018-05-02 18:03:25 [root] INFO: 响应的url地址:https://hr.tencent.com/position.php?&start=930
2018-05-02 18:03:26 [root] WARNING: 响应的url地址:https://hr.tencent.com/position.php?&start=920
2018-05-02 18:03:26 [root] INFO: 响应的url地址:https://hr.tencent.com/position.php?&start=920
2018-05-02 18:03:26 [root] WARNING: 响应的url地址:https://hr.tencent.com/position.php?&start=890
2018-05-02 18:03:26 [root] INFO: 响应的url地址:https://hr.tencent.com/position.php?&start=890
2018-05-02 18:03:27 [root] WARNING: 响应的url地址:https://hr.tencent.com/position.php?&start=870
2018-05-02 18:03:27 [root] INFO: 响应的url地址:https://hr.tencent.com/position.php?&start=870
2018-05-02 18:03:27 [root] WARNING: 响应的url地址:https://hr.tencent.com/position.php?&start=850
2018-05-02 18:03:27 [root] INFO: 响应的url地址:https://hr.tencent.com/position.php?&start=850
2018-05-02 18:03:27 [root] WARNING: 响应的url地址:https://hr.tencent.com/position.php?&start=860
2018-05-02 18:03:27 [root] INFO: 响应的url地址:https://hr.tencent.com/position.php?&start=860
2018-05-02 18:03:27 [root] WARNING: 响应的url地址:https://hr.tencent.com/position.php?&start=880
2018-05-02 18:03:27 [root] INFO: 响应的url地址:https://hr.tencent.com/position.php?&start=880
2018-05-02 18:03:28 [root] WARNING: 响应的url地址:https://hr.tencent.com/position.php?&start=820
2018-05-02 18:03:28 [root] INFO: 响应的url地址:https://hr.tencent.com/position.php?&start=820
2018-05-02 18:03:28 [root] WARNING: 响应的url地址:https://hr.tencent.com/position.php?&start=800
2018-05-02 18:03:28 [root] INFO: 响应的url地址:https://hr.tencent.com/position.php?&start=800
2018-05-02 18:03:29 [root] WARNING: 响应的url地址:https://hr.tencent.com/position.php?&start=780
2018-05-02 18:03:29 [root] INFO: 响应的url地址:https://hr.tencent.com/position.php?&start=780
2018-05-02 18:03:29 [root] WARNING: 响应的url地址:https://hr.tencent.com/position.php?&start=790
2018-05-02 18:03:29 [root] INFO: 响应的url地址:https://hr.tencent.com/position.php?&start=790
2018-05-02 18:03:29 [root] WARNING: 响应的url地址:https://hr.tencent.com/position.php?&start=810
2018-05-02 18:03:29 [root] INFO: 响应的url地址:https://hr.tencent.com/position.php?&start=810
2018-05-02 18:03:30 [root] WARNING: 响应的url地址:https://hr.tencent.com/position.php?&start=750
2018-05-02 18:03:30 [root] INFO: 响应的url地址:https://hr.tencent.com/position.php?&start=750
2018-05-02 18:03:30 [root] WARNING: 响应的url地址:https://hr.tencent.com/position.php?&start=740
2018-05-02 18:03:30 [root] INFO: 响应的url地址:https://hr.tencent.com/position.php?&start=740
2018-05-02 18:03:31 [root] WARNING: 响应的url地址:https://hr.tencent.com/position.php?&start=770
2018-05-02 18:03:31 [root] INFO: 响应的url地址:https://hr.tencent.com/position.php?&start=770
2018-05-02 18:03:31 [root] WARNING: 响应的url地址:https://hr.tencent.com/position.php?&start=760
2018-05-02 18:03:31 [root] INFO: 响应的url地址:https://hr.tencent.com/position.php?&start=760
2018-05-02 18:03:31 [root] WARNING: 响应的url地址:https://hr.tencent.com/position.php?&start=830
2018-05-02 18:03:31 [root] INFO: 响应的url地址:https://hr.tencent.com/position.php?&start=830
2018-05-02 18:03:31 [root] WARNING: 响应的url地址:https://hr.tencent.com/position.php?&start=840
2018-05-02 18:03:31 [root] INFO: 响应的url地址:https://hr.tencent.com/position.php?&start=840
2018-05-02 18:03:32 [root] WARNING: 响应的url地址:https://hr.tencent.com/position.php?&start=700
2018-05-02 18:03:32 [root] INFO: 响应的url地址:https://hr.tencent.com/position.php?&start=700
2018-05-02 18:03:33 [root] WARNING: 响应的url地址:https://hr.tencent.com/position.php?&start=730
2018-05-02 18:03:33 [root] INFO: 响应的url地址:https://hr.tencent.com/position.php?&start=730
2018-05-02 18:03:33 [root] WARNING: 响应的url地址:https://hr.tencent.com/position.php?&start=720
2018-05-02 18:03:33 [root] INFO: 响应的url地址:https://hr.tencent.com/position.php?&start=720
2018-05-02 18:03:33 [root] WARNING: 响应的url地址:https://hr.tencent.com/position.php?&start=710
2018-05-02 18:03:33 [root] INFO: 响应的url地址:https://hr.tencent.com/position.php?&start=710
2018-05-02 18:03:33 [root] WARNING: 响应的url地址:https://hr.tencent.com/position.php?&start=900
2018-05-02 18:03:33 [root] INFO: 响应的url地址:https://hr.tencent.com/position.php?&start=900
2018-05-02 18:03:33 [root] WARNING: 响应的url地址:https://hr.tencent.com/position.php?&start=690
2018-05-02 18:03:33 [root] INFO: 响应的url地址:https://hr.tencent.com/position.php?&start=690
2018-05-02 18:03:33 [root] WARNING: 响应的url地址:https://hr.tencent.com/position.php?&start=680
2018-05-02 18:03:33 [root] INFO: 响应的url地址:https://hr.tencent.com/position.php?&start=680
2018-05-02 18:03:33 [root] WARNING: 响应的url地址:https://hr.tencent.com/position.php?&start=670
2018-05-02 18:03:33 [root] INFO: 响应的url地址:https://hr.tencent.com/position.php?&start=670
2018-05-02 18:03:34 [root] WARNING: 响应的url地址:https://hr.tencent.com/position.php?&start=630
2018-05-02 18:03:34 [root] INFO: 响应的url地址:https://hr.tencent.com/position.php?&start=630
2018-05-02 18:03:35 [root] WARNING: 响应的url地址:https://hr.tencent.com/position.php?&start=640
2018-05-02 18:03:35 [root] INFO: 响应的url地址:https://hr.tencent.com/position.php?&start=640
2018-05-02 18:03:35 [root] WARNING: 响应的url地址:https://hr.tencent.com/position.php?&start=650
2018-05-02 18:03:35 [root] INFO: 响应的url地址:https://hr.tencent.com/position.php?&start=650
2018-05-02 18:03:36 [root] WARNING: 响应的url地址:https://hr.tencent.com/position.php?&start=600
2018-05-02 18:03:36 [root] INFO: 响应的url地址:https://hr.tencent.com/position.php?&start=600
2018-05-02 18:03:36 [root] WARNING: 响应的url地址:https://hr.tencent.com/position.php?&start=590
2018-05-02 18:03:36 [root] INFO: 响应的url地址:https://hr.tencent.com/position.php?&start=590
2018-05-02 18:03:36 [root] WARNING: 响应的url地址:https://hr.tencent.com/position.php?&start=610
2018-05-02 18:03:36 [root] INFO: 响应的url地址:https://hr.tencent.com/position.php?&start=610
2018-05-02 18:03:36 [root] WARNING: 响应的url地址:https://hr.tencent.com/position.php?&start=620
2018-05-02 18:03:36 [root] INFO: 响应的url地址:https://hr.tencent.com/position.php?&start=620
2018-05-02 18:03:38 [root] WARNING: 响应的url地址:https://hr.tencent.com/position.php?&start=550
2018-05-02 18:03:38 [root] INFO: 响应的url地址:https://hr.tencent.com/position.php?&start=550
2018-05-02 18:03:38 [root] WARNING: 响应的url地址:https://hr.tencent.com/position.php?&start=580
2018-05-02 18:03:38 [root] INFO: 响应的url地址:https://hr.tencent.com/position.php?&start=580
2018-05-02 18:03:38 [root] WARNING: 响应的url地址:https://hr.tencent.com/position.php?&start=570
2018-05-02 18:03:38 [root] INFO: 响应的url地址:https://hr.tencent.com/position.php?&start=570
2018-05-02 18:03:38 [root] WARNING: 响应的url地址:https://hr.tencent.com/position.php?&start=560
2018-05-02 18:03:38 [root] INFO: 响应的url地址:https://hr.tencent.com/position.php?&start=560
2018-05-02 18:03:39 [root] WARNING: 响应的url地址:https://hr.tencent.com/position.php?&start=530
2018-05-02 18:03:39 [root] INFO: 响应的url地址:https://hr.tencent.com/position.php?&start=530
2018-05-02 18:03:40 [root] WARNING: 响应的url地址:https://hr.tencent.com/position.php?&start=520
2018-05-02 18:03:40 [root] INFO: 响应的url地址:https://hr.tencent.com/position.php?&start=520
2018-05-02 18:03:40 [root] WARNING: 响应的url地址:https://hr.tencent.com/position.php?&start=510
2018-05-02 18:03:40 [root] INFO: 响应的url地址:https://hr.tencent.com/position.php?&start=510
2018-05-02 18:03:40 [root] WARNING: 响应的url地址:https://hr.tencent.com/position.php?&start=540
2018-05-02 18:03:40 [root] INFO: 响应的url地址:https://hr.tencent.com/position.php?&start=540
2018-05-02 18:03:40 [root] WARNING: 响应的url地址:https://hr.tencent.com/position.php?&start=660
2018-05-02 18:03:40 [root] INFO: 响应的url地址:https://hr.tencent.com/position.php?&start=660
2018-05-02 18:03:40 [root] WARNING: 响应的url地址:https://hr.tencent.com/position.php?&start=910
2018-05-02 18:03:40 [root] INFO: 响应的url地址:https://hr.tencent.com/position.php?&start=910
2018-05-02 18:03:40 [root] WARNING: 响应的url地址:https://hr.tencent.com/position.php?&start=500
2018-05-02 18:03:40 [root] INFO: 响应的url地址:https://hr.tencent.com/position.php?&start=500
2018-05-02 18:03:41 [root] WARNING: 响应的url地址:https://hr.tencent.com/position.php?&start=460
2018-05-02 18:03:41 [root] INFO: 响应的url地址:https://hr.tencent.com/position.php?&start=460
2018-05-02 18:03:42 [root] WARNING: 响应的url地址:https://hr.tencent.com/position.php?&start=440
2018-05-02 18:03:42 [root] INFO: 响应的url地址:https://hr.tencent.com/position.php?&start=440
2018-05-02 18:03:42 [root] WARNING: 响应的url地址:https://hr.tencent.com/position.php?&start=430
2018-05-02 18:03:42 [root] INFO: 响应的url地址:https://hr.tencent.com/position.php?&start=430
2018-05-02 18:03:42 [root] WARNING: 响应的url地址:https://hr.tencent.com/position.php?&start=420
2018-05-02 18:03:42 [root] INFO: 响应的url地址:https://hr.tencent.com/position.php?&start=420
2018-05-02 18:03:42 [root] WARNING: 响应的url地址:https://hr.tencent.com/position.php?&start=450
2018-05-02 18:03:42 [root] INFO: 响应的url地址:https://hr.tencent.com/position.php?&start=450
2018-05-02 18:03:43 [root] WARNING: 响应的url地址:https://hr.tencent.com/position.php?&start=470
2018-05-02 18:03:43 [root] INFO: 响应的url地址:https://hr.tencent.com/position.php?&start=470
2018-05-02 18:03:43 [root] WARNING: 响应的url地址:https://hr.tencent.com/position.php?&start=480
2018-05-02 18:03:43 [root] INFO: 响应的url地址:https://hr.tencent.com/position.php?&start=480
2018-05-02 18:03:43 [root] WARNING: 响应的url地址:https://hr.tencent.com/position.php?&start=380
2018-05-02 18:03:43 [root] INFO: 响应的url地址:https://hr.tencent.com/position.php?&start=380
2018-05-02 18:03:44 [root] WARNING: 响应的url地址:https://hr.tencent.com/position.php?&start=360
2018-05-02 18:03:44 [root] INFO: 响应的url地址:https://hr.tencent.com/position.php?&start=360
2018-05-02 18:03:44 [root] WARNING: 响应的url地址:https://hr.tencent.com/position.php?&start=350
2018-05-02 18:03:44 [root] INFO: 响应的url地址:https://hr.tencent.com/position.php?&start=350
2018-05-02 18:03:45 [root] WARNING: 响应的url地址:https://hr.tencent.com/position.php?&start=340
2018-05-02 18:03:45 [root] INFO: 响应的url地址:https://hr.tencent.com/position.php?&start=340
2018-05-02 18:03:45 [root] WARNING: 响应的url地址:https://hr.tencent.com/position.php?&start=370
2018-05-02 18:03:45 [root] INFO: 响应的url地址:https://hr.tencent.com/position.php?&start=370
2018-05-02 18:03:46 [root] WARNING: 响应的url地址:https://hr.tencent.com/position.php?&start=300
2018-05-02 18:03:46 [root] INFO: 响应的url地址:https://hr.tencent.com/position.php?&start=300
2018-05-02 18:03:46 [root] WARNING: 响应的url地址:https://hr.tencent.com/position.php?&start=310
2018-05-02 18:03:46 [root] INFO: 响应的url地址:https://hr.tencent.com/position.php?&start=310
2018-05-02 18:03:46 [root] WARNING: 响应的url地址:https://hr.tencent.com/position.php?&start=330
2018-05-02 18:03:46 [root] INFO: 响应的url地址:https://hr.tencent.com/position.php?&start=330
2018-05-02 18:03:46 [root] WARNING: 响应的url地址:https://hr.tencent.com/position.php?&start=320
2018-05-02 18:03:46 [root] INFO: 响应的url地址:https://hr.tencent.com/position.php?&start=320
2018-05-02 18:03:48 [root] WARNING: 响应的url地址:https://hr.tencent.com/position.php?&start=280
2018-05-02 18:03:48 [root] INFO: 响应的url地址:https://hr.tencent.com/position.php?&start=280
2018-05-02 18:03:48 [root] WARNING: 响应的url地址:https://hr.tencent.com/position.php?&start=270
2018-05-02 18:03:48 [root] INFO: 响应的url地址:https://hr.tencent.com/position.php?&start=270
2018-05-02 18:03:48 [root] WARNING: 响应的url地址:https://hr.tencent.com/position.php?&start=260
2018-05-02 18:03:48 [root] INFO: 响应的url地址:https://hr.tencent.com/position.php?&start=260
2018-05-02 18:03:48 [root] WARNING: 响应的url地址:https://hr.tencent.com/position.php?&start=290
2018-05-02 18:03:48 [root] INFO: 响应的url地址:https://hr.tencent.com/position.php?&start=290
2018-05-02 18:03:48 [root] WARNING: 响应的url地址:https://hr.tencent.com/position.php?&start=220
2018-05-02 18:03:48 [root] INFO: 响应的url地址:https://hr.tencent.com/position.php?&start=220
2018-05-02 18:03:49 [root] WARNING: 响应的url地址:https://hr.tencent.com/position.php?&start=200
2018-05-02 18:03:49 [root] INFO: 响应的url地址:https://hr.tencent.com/position.php?&start=200
2018-05-02 18:03:49 [root] WARNING: 响应的url地址:https://hr.tencent.com/position.php?&start=210
2018-05-02 18:03:49 [root] INFO: 响应的url地址:https://hr.tencent.com/position.php?&start=210
2018-05-02 18:03:49 [root] WARNING: 响应的url地址:https://hr.tencent.com/position.php?&start=190
2018-05-02 18:03:49 [root] INFO: 响应的url地址:https://hr.tencent.com/position.php?&start=190
2018-05-02 18:03:49 [root] WARNING: 响应的url地址:https://hr.tencent.com/position.php?&start=180
2018-05-02 18:03:49 [root] INFO: 响应的url地址:https://hr.tencent.com/position.php?&start=180
2018-05-02 18:03:50 [root] WARNING: 响应的url地址:https://hr.tencent.com/position.php?&start=170
2018-05-02 18:03:50 [root] INFO: 响应的url地址:https://hr.tencent.com/position.php?&start=170
2018-05-02 18:03:51 [root] WARNING: 响应的url地址:https://hr.tencent.com/position.php?&start=230
2018-05-02 18:03:51 [root] INFO: 响应的url地址:https://hr.tencent.com/position.php?&start=230
2018-05-02 18:03:51 [root] WARNING: 响应的url地址:https://hr.tencent.com/position.php?&start=250
2018-05-02 18:03:51 [root] INFO: 响应的url地址:https://hr.tencent.com/position.php?&start=250
2018-05-02 18:03:51 [root] WARNING: 响应的url地址:https://hr.tencent.com/position.php?&start=240
2018-05-02 18:03:51 [root] INFO: 响应的url地址:https://hr.tencent.com/position.php?&start=240
2018-05-02 18:03:52 [root] WARNING: 响应的url地址:https://hr.tencent.com/position.php?&start=390
2018-05-02 18:03:52 [root] INFO: 响应的url地址:https://hr.tencent.com/position.php?&start=390
2018-05-02 18:03:52 [root] WARNING: 响应的url地址:https://hr.tencent.com/position.php?&start=400
2018-05-02 18:03:52 [root] INFO: 响应的url地址:https://hr.tencent.com/position.php?&start=400
2018-05-02 18:03:53 [root] WARNING: 响应的url地址:https://hr.tencent.com/position.php?&start=410
2018-05-02 18:03:53 [root] INFO: 响应的url地址:https://hr.tencent.com/position.php?&start=410
2018-05-02 18:03:53 [root] WARNING: 响应的url地址:https://hr.tencent.com/position.php?&start=490
2018-05-02 18:03:53 [root] INFO: 响应的url地址:https://hr.tencent.com/position.php?&start=490
2018-05-02 18:03:56 [root] WARNING: 响应的url地址:https://hr.tencent.com/position.php?&start=1000
2018-05-02 18:03:56 [root] INFO: 响应的url地址:https://hr.tencent.com/position.php?&start=1000
2018-05-02 18:03:56 [root] WARNING: 响应的url地址:https://hr.tencent.com/position.php?&start=990
2018-05-02 18:03:56 [root] INFO: 响应的url地址:https://hr.tencent.com/position.php?&start=990
2018-05-02 18:03:56 [root] WARNING: 响应的url地址:https://hr.tencent.com/position.php?&start=980
2018-05-02 18:03:56 [root] INFO: 响应的url地址:https://hr.tencent.com/position.php?&start=980
2018-05-02 18:03:57 [scrapy.extensions.logstats] INFO: Crawled 3591 pages (at 1801 pages/min), scraped 3588 items (at 1804 items/min)
2018-05-02 18:03:58 [root] WARNING: 响应的url地址:https://hr.tencent.com/position.php?&start=1440
2018-05-02 18:03:58 [root] INFO: 响应的url地址:https://hr.tencent.com/position.php?&start=1440
2018-05-02 18:03:58 [root] WARNING: 响应的url地址:https://hr.tencent.com/position.php?&start=1700
2018-05-02 18:03:58 [root] INFO: 响应的url地址:https://hr.tencent.com/position.php?&start=1700
2018-05-02 18:03:58 [root] WARNING: 响应的url地址:https://hr.tencent.com/position.php?&start=1710
2018-05-02 18:03:58 [root] INFO: 响应的url地址:https://hr.tencent.com/position.php?&start=1710
2018-05-02 18:03:59 [root] WARNING: 响应的url地址:https://hr.tencent.com/position.php?&start=1780
2018-05-02 18:03:59 [root] INFO: 响应的url地址:https://hr.tencent.com/position.php?&start=1780
2018-05-02 18:04:00 [root] WARNING: 响应的url地址:https://hr.tencent.com/position.php?&start=1800
2018-05-02 18:04:00 [root] INFO: 响应的url地址:https://hr.tencent.com/position.php?&start=1800
2018-05-02 18:04:00 [root] WARNING: 响应的url地址:https://hr.tencent.com/position.php?&start=1790
2018-05-02 18:04:00 [root] INFO: 响应的url地址:https://hr.tencent.com/position.php?&start=1790
2018-05-02 18:04:02 [root] WARNING: 响应的url地址:https://hr.tencent.com/position.php?&start=1940
2018-05-02 18:04:02 [root] INFO: 响应的url地址:https://hr.tencent.com/position.php?&start=1940
2018-05-02 18:04:02 [root] WARNING: 响应的url地址:https://hr.tencent.com/position.php?&start=2140
2018-05-02 18:04:02 [root] INFO: 响应的url地址:https://hr.tencent.com/position.php?&start=2140
2018-05-02 18:04:02 [root] WARNING: 响应的url地址:https://hr.tencent.com/position.php?&start=2130
2018-05-02 18:04:02 [root] INFO: 响应的url地址:https://hr.tencent.com/position.php?&start=2130
2018-05-02 18:04:02 [root] WARNING: 响应的url地址:https://hr.tencent.com/position.php?&start=2210
2018-05-02 18:04:02 [root] INFO: 响应的url地址:https://hr.tencent.com/position.php?&start=2210
2018-05-02 18:04:02 [root] WARNING: 响应的url地址:https://hr.tencent.com/position.php?&start=2200
2018-05-02 18:04:02 [root] INFO: 响应的url地址:https://hr.tencent.com/position.php?&start=2200
2018-05-02 18:04:04 [root] WARNING: 响应的url地址:https://hr.tencent.com/position.php?&start=2290
2018-05-02 18:04:04 [root] INFO: 响应的url地址:https://hr.tencent.com/position.php?&start=2290
2018-05-02 18:04:05 [root] WARNING: 响应的url地址:https://hr.tencent.com/position.php?&start=2280
2018-05-02 18:04:05 [root] INFO: 响应的url地址:https://hr.tencent.com/position.php?&start=2280
2018-05-02 18:04:05 [root] WARNING: 响应的url地址:https://hr.tencent.com/position.php?&start=2450
2018-05-02 18:04:05 [root] INFO: 响应的url地址:https://hr.tencent.com/position.php?&start=2450
2018-05-02 18:04:05 [root] WARNING: 响应的url地址:https://hr.tencent.com/position.php?&start=2380
2018-05-02 18:04:05 [root] INFO: 响应的url地址:https://hr.tencent.com/position.php?&start=2380
2018-05-02 18:04:06 [root] WARNING: 响应的url地址:https://hr.tencent.com/position.php?&start=2470
2018-05-02 18:04:06 [root] INFO: 响应的url地址:https://hr.tencent.com/position.php?&start=2470
2018-05-02 18:04:07 [root] WARNING: 响应的url地址:https://hr.tencent.com/position.php?&start=2530
2018-05-02 18:04:07 [root] INFO: 响应的url地址:https://hr.tencent.com/position.php?&start=2530
2018-05-02 18:04:07 [root] WARNING: 响应的url地址:https://hr.tencent.com/position.php?&start=2460
2018-05-02 18:04:07 [root] INFO: 响应的url地址:https://hr.tencent.com/position.php?&start=2460
2018-05-02 18:04:07 [root] WARNING: 响应的url地址:https://hr.tencent.com/position.php?&start=2540
2018-05-02 18:04:07 [root] INFO: 响应的url地址:https://hr.tencent.com/position.php?&start=2540
2018-05-02 18:04:07 [root] WARNING: 响应的url地址:https://hr.tencent.com/position.php?&start=2550
2018-05-02 18:04:07 [root] INFO: 响应的url地址:https://hr.tencent.com/position.php?&start=2550
2018-05-02 18:04:09 [root] WARNING: 响应的url地址:https://hr.tencent.com/position.php?&start=2780
2018-05-02 18:04:09 [root] INFO: 响应的url地址:https://hr.tencent.com/position.php?&start=2780
2018-05-02 18:04:09 [root] WARNING: 响应的url地址:https://hr.tencent.com/position.php?&start=2700
2018-05-02 18:04:09 [root] INFO: 响应的url地址:https://hr.tencent.com/position.php?&start=2700
2018-05-02 18:04:10 [root] WARNING: 响应的url地址:https://hr.tencent.com/position.php?&start=2790
2018-05-02 18:04:10 [root] INFO: 响应的url地址:https://hr.tencent.com/position.php?&start=2790
2018-05-02 18:04:11 [root] WARNING: 响应的url地址:https://hr.tencent.com/position.php?&start=2960
2018-05-02 18:04:11 [root] INFO: 响应的url地址:https://hr.tencent.com/position.php?&start=2960
2018-05-02 18:04:11 [root] WARNING: 响应的url地址:https://hr.tencent.com/position.php?&start=2950
2018-05-02 18:04:11 [root] INFO: 响应的url地址:https://hr.tencent.com/position.php?&start=2950
2018-05-02 18:04:11 [root] WARNING: 响应的url地址:https://hr.tencent.com/position.php?&start=3290
2018-05-02 18:04:11 [root] INFO: 响应的url地址:https://hr.tencent.com/position.php?&start=3290
2018-05-02 18:04:11 [root] WARNING: 响应的url地址:https://hr.tencent.com/position.php?&start=3280
2018-05-02 18:04:11 [root] INFO: 响应的url地址:https://hr.tencent.com/position.php?&start=3280
2018-05-02 18:04:12 [root] WARNING: 响应的url地址:https://hr.tencent.com/position.php?&start=3370
2018-05-02 18:04:12 [root] INFO: 响应的url地址:https://hr.tencent.com/position.php?&start=3370
2018-05-02 18:04:15 [root] WARNING: 响应的url地址:https://hr.tencent.com/position.php?&start=3450
2018-05-02 18:04:15 [root] INFO: 响应的url地址:https://hr.tencent.com/position.php?&start=3450
2018-05-02 18:04:15 [root] WARNING: 响应的url地址:https://hr.tencent.com/position.php?&start=3440
2018-05-02 18:04:15 [root] INFO: 响应的url地址:https://hr.tencent.com/position.php?&start=3440
2018-05-02 18:04:15 [root] WARNING: 响应的url地址:https://hr.tencent.com/position.php?&start=3510
2018-05-02 18:04:15 [root] INFO: 响应的url地址:https://hr.tencent.com/position.php?&start=3510
2018-05-02 18:04:15 [root] WARNING: 响应的url地址:https://hr.tencent.com/position.php?&start=3600
2018-05-02 18:04:15 [root] INFO: 响应的url地址:https://hr.tencent.com/position.php?&start=3600
2018-05-02 18:04:15 [root] WARNING: 响应的url地址:https://hr.tencent.com/position.php?&start=3590
2018-05-02 18:04:15 [root] INFO: 响应的url地址:https://hr.tencent.com/position.php?&start=3590
2018-05-02 18:04:15 [root] WARNING: 响应的url地址:https://hr.tencent.com/position.php?&start=3610
2018-05-02 18:04:15 [root] INFO: 响应的url地址:https://hr.tencent.com/position.php?&start=3610
2018-05-02 18:04:17 [root] WARNING: 响应的url地址:https://hr.tencent.com/position.php?&start=3780
2018-05-02 18:04:17 [root] INFO: 响应的url地址:https://hr.tencent.com/position.php?&start=3780
2018-05-02 18:04:17 [root] WARNING: 响应的url地址:https://hr.tencent.com/position.php?&start=3770
2018-05-02 18:04:17 [root] INFO: 响应的url地址:https://hr.tencent.com/position.php?&start=3770
2018-05-02 18:04:19 [root] WARNING: 响应的url地址:https://hr.tencent.com/position.php?&start=150
2018-05-02 18:04:19 [root] INFO: 响应的url地址:https://hr.tencent.com/position.php?&start=150
2018-05-02 18:04:19 [root] WARNING: 响应的url地址:https://hr.tencent.com/position.php?&start=140
2018-05-02 18:04:19 [root] INFO: 响应的url地址:https://hr.tencent.com/position.php?&start=140
2018-05-02 18:04:19 [root] WARNING: 响应的url地址:https://hr.tencent.com/position.php?&start=90
2018-05-02 18:04:19 [root] INFO: 响应的url地址:https://hr.tencent.com/position.php?&start=90
2018-05-02 18:04:19 [root] WARNING: 响应的url地址:https://hr.tencent.com/position.php?&start=160
2018-05-02 18:04:19 [root] INFO: 响应的url地址:https://hr.tencent.com/position.php?&start=160
2018-05-02 18:04:19 [root] WARNING: 响应的url地址:https://hr.tencent.com/position.php?&start=3940
2018-05-02 18:04:19 [root] INFO: 响应的url地址:https://hr.tencent.com/position.php?&start=3940
2018-05-02 18:04:20 [root] WARNING: 响应的url地址:https://hr.tencent.com/position.php?&start=80
2018-05-02 18:04:20 [root] INFO: 响应的url地址:https://hr.tencent.com/position.php?&start=80
2018-05-02 18:04:22 [scrapy.core.engine] INFO: Closing spider (finished)
2018-05-02 18:04:22 [scrapy.statscollectors] INFO: Dumping Scrapy stats:
{'downloader/request_bytes': 1895468,
 'downloader/request_count': 4349,
 'downloader/request_method_count/GET': 4349,
 'downloader/response_bytes': 17529811,
 'downloader/response_count': 4349,
 'downloader/response_status_count/200': 4349,
 'dupefilter/filtered': 2786,
 'finish_reason': 'finished',
 'finish_time': datetime.datetime(2018, 5, 2, 10, 4, 22, 292798),
 'item_scraped_count': 4348,
 'log_count/INFO': 405,
 'log_count/WARNING': 396,
 'request_depth_max': 106,
 'response_received_count': 4349,
 'scheduler/dequeued': 4349,
 'scheduler/dequeued/memory': 4349,
 'scheduler/enqueued': 4349,
 'scheduler/enqueued/memory': 4349,
 'start_time': datetime.datetime(2018, 5, 2, 10, 1, 57, 145496)}
2018-05-02 18:04:22 [scrapy.core.engine] INFO: Spider closed (finished)
